<?xml version="1.0" encoding="UTF-8"?>

<Values version="2.0">
  <value name="xmldata">&lt;?xml version="1.0"?&gt;
&lt;PurchaseOrderRequest xsi:noNamespaceSchemaLocation="OrderRequest.xsd"&gt;
  &lt;PurchaseOrder&gt;
    &lt;deliverTo&gt;
      &lt;PhysicalAddress&gt;
        &lt;cityName&gt;
          &lt;FreeFormText&gt;Fairfax VA&lt;/FreeFormText&gt;
        &lt;/cityName&gt;
        &lt;addressLine1&gt;
          &lt;FreeFormText&gt;webMethods&lt;/FreeFormText&gt;
        &lt;/addressLine1&gt;
        &lt;addressLine2&gt;
          &lt;FreeFormText&gt;3877 Fairfax Ridge Road   South Tower&lt;/FreeFormText&gt;
        &lt;/addressLine2&gt;
        &lt;addressLine3&gt;
          &lt;FreeFormText&gt;Fairfax VA&lt;/FreeFormText&gt;
        &lt;/addressLine3&gt;
        &lt;NationalPostalCode&gt;22030&lt;/NationalPostalCode&gt;
        &lt;regionName&gt;
          &lt;FreeFormText&gt;USA&lt;/FreeFormText&gt;
        &lt;/regionName&gt;
        &lt;postOfficeBoxIdentifier&gt;
          &lt;FreeFormText&gt;&lt;/FreeFormText&gt;
        &lt;/postOfficeBoxIdentifier&gt;
        &lt;GlobalLocationIdentifier&gt;North America&lt;/GlobalLocationIdentifier&gt;
        &lt;GlobalCountryCode&gt;001&lt;/GlobalCountryCode&gt;
      &lt;/PhysicalAddress&gt;
    &lt;/deliverTo&gt;
    &lt;comment&gt;
      &lt;FreeFormText&gt;Comments go here&lt;/FreeFormText&gt;
    &lt;/comment&gt;
    &lt;packListRequirements&gt;
      &lt;FreeFormText&gt;Packing List Requirements&lt;/FreeFormText&gt;
    &lt;/packListRequirements&gt;
    &lt;totalCost&gt;6510&lt;/totalCost&gt;
    &lt;ProductLineItem&gt;
      &lt;shipFrom&gt;
        &lt;GlobalLocationIdentifier&gt;Warehouse 1&lt;/GlobalLocationIdentifier&gt;
      &lt;/shipFrom&gt;
      &lt;ProductQuantity&gt;150&lt;/ProductQuantity&gt;
      &lt;LineNumber&gt;1&lt;/LineNumber&gt;
      &lt;productUnit&gt;
        &lt;ProductPackageDescription&gt;
          &lt;ProductIdentification&gt;
            &lt;GlobalProductIdentifier&gt;Anvil&lt;/GlobalProductIdentifier&gt;
            &lt;PartnerProductIdentification&gt;
              &lt;GlobalPartnerClassificationCode&gt;5644&lt;/GlobalPartnerClassificationCode&gt;
              &lt;ProprietaryProductIdentifier&gt;CS-1100&lt;/ProprietaryProductIdentifier&gt;
            &lt;/PartnerProductIdentification&gt;
          &lt;/ProductIdentification&gt;
        &lt;/ProductPackageDescription&gt;
      &lt;/productUnit&gt;
      &lt;GlobalSpecialFulfillmentRequestCode&gt;3122&lt;/GlobalSpecialFulfillmentRequestCode&gt;
      &lt;countryOfOrigin&gt;
        &lt;GlobalCountryCode&gt;001&lt;/GlobalCountryCode&gt;
      &lt;/countryOfOrigin&gt;
      &lt;requestedShipDate&gt;
        &lt;DateStamp&gt;15 NOVEMBER 2005&lt;/DateStamp&gt;
      &lt;/requestedShipDate&gt;
      &lt;contractIdentifier&gt;
        &lt;ProprietaryDocumentIdentifier&gt;&lt;/ProprietaryDocumentIdentifier&gt;
      &lt;/contractIdentifier&gt;
      &lt;GlobalProductUnitOfMeasureCode&gt;N/A&lt;/GlobalProductUnitOfMeasureCode&gt;
      &lt;SpecialHandlingInstruction&gt;
        &lt;specialHandlingText&gt;
          &lt;FreeFormText&gt;Fragile -- contains electronic equipment&lt;/FreeFormText&gt;
        &lt;/specialHandlingText&gt;
      &lt;/SpecialHandlingInstruction&gt;
      &lt;requestedPrice&gt;
        &lt;FinancialAmount&gt;
          &lt;GlobalCurrencyCode&gt;001&lt;/GlobalCurrencyCode&gt;
          &lt;MonetaryAmount&gt;25&lt;/MonetaryAmount&gt;
        &lt;/FinancialAmount&gt;
      &lt;/requestedPrice&gt;
    &lt;/ProductLineItem&gt;
    &lt;ProductLineItem&gt;
      &lt;shipFrom&gt;
        &lt;GlobalLocationIdentifier&gt;Computer Warehouse 1&lt;/GlobalLocationIdentifier&gt;
      &lt;/shipFrom&gt;
      &lt;ProductQuantity&gt;120&lt;/ProductQuantity&gt;
      &lt;LineNumber&gt;2&lt;/LineNumber&gt;
      &lt;productUnit&gt;
        &lt;ProductPackageDescription&gt;
          &lt;ProductIdentification&gt;
            &lt;GlobalProductIdentifier&gt;Hammer&lt;/GlobalProductIdentifier&gt;
            &lt;PartnerProductIdentification&gt;
              &lt;GlobalPartnerClassificationCode&gt;5672&lt;/GlobalPartnerClassificationCode&gt;
              &lt;ProprietaryProductIdentifier&gt;CS-1150&lt;/ProprietaryProductIdentifier&gt;
            &lt;/PartnerProductIdentification&gt;
          &lt;/ProductIdentification&gt;
        &lt;/ProductPackageDescription&gt;
      &lt;/productUnit&gt;
      &lt;GlobalSpecialFulfillmentRequestCode&gt;3235&lt;/GlobalSpecialFulfillmentRequestCode&gt;
      &lt;countryOfOrigin&gt;
        &lt;GlobalCountryCode&gt;001&lt;/GlobalCountryCode&gt;
      &lt;/countryOfOrigin&gt;
      &lt;requestedShipDate&gt;
        &lt;DateStamp&gt;15 NOVEMBER 2005&lt;/DateStamp&gt;
      &lt;/requestedShipDate&gt;
      &lt;contractIdentifier&gt;
        &lt;ProprietaryDocumentIdentifier&gt;&lt;/ProprietaryDocumentIdentifier&gt;
      &lt;/contractIdentifier&gt;
      &lt;GlobalProductUnitOfMeasureCode&gt;N/A&lt;/GlobalProductUnitOfMeasureCode&gt;
      &lt;SpecialHandlingInstruction&gt;
        &lt;specialHandlingText&gt;
          &lt;FreeFormText&gt;Fragile -- contains electronic equipment&lt;/FreeFormText&gt;
        &lt;/specialHandlingText&gt;
      &lt;/SpecialHandlingInstruction&gt;
      &lt;requestedPrice&gt;
        &lt;FinancialAmount&gt;
          &lt;GlobalCurrencyCode&gt;001&lt;/GlobalCurrencyCode&gt;
          &lt;MonetaryAmount&gt;23&lt;/MonetaryAmount&gt;
        &lt;/FinancialAmount&gt;
      &lt;/requestedPrice&gt;
    &lt;/ProductLineItem&gt;
    &lt;GlobalShipmentTermsCode&gt;&lt;/GlobalShipmentTermsCode&gt;
    &lt;RevisionNumber&gt;&lt;/RevisionNumber&gt;
    &lt;prePaymentCheckNumber&gt;
      &lt;CheckNumber&gt;&lt;/CheckNumber&gt;
    &lt;/prePaymentCheckNumber&gt;
    &lt;QuoteIdentifier&gt;
      &lt;ProprietaryDocumentIdentifier&gt;1017439&lt;/ProprietaryDocumentIdentifier&gt;
    &lt;/QuoteIdentifier&gt;
    &lt;WireTransferIdentifier&gt;&lt;/WireTransferIdentifier&gt;
    &lt;AccountDescription&gt;
      &lt;GlobalAccountClassificationCode&gt;&lt;/GlobalAccountClassificationCode&gt;
      &lt;billTo&gt;
        &lt;PartnerRoleDescription&gt;
          &lt;GlobalPartnerRoleClassificationCode&gt;&lt;/GlobalPartnerRoleClassificationCode&gt;
        &lt;/PartnerRoleDescription&gt;
      &lt;/billTo&gt;
      &lt;accountName&gt;
        &lt;FreeFormText&gt;&lt;/FreeFormText&gt;
      &lt;/accountName&gt;
      &lt;ProprietaryCIDIdentifier&gt;&lt;/ProprietaryCIDIdentifier&gt;
      &lt;expiryDate&gt;
        &lt;DateStamp&gt;01 December 2005&lt;/DateStamp&gt;
      &lt;/expiryDate&gt;
      &lt;AccountNumber&gt;&lt;/AccountNumber&gt;
    &lt;/AccountDescription&gt;
    &lt;generalServicesAdministrationNumber&gt;
      &lt;ProprietaryDocumentIdentifier&gt;&lt;/ProprietaryDocumentIdentifier&gt;
    &lt;/generalServicesAdministrationNumber&gt;
    &lt;secondaryBuyerPurchaseOrderIdentifier&gt;
      &lt;ProprietaryDocumentIdentifier&gt;&lt;/ProprietaryDocumentIdentifier&gt;
    &lt;/secondaryBuyerPurchaseOrderIdentifier&gt;
    &lt;GlobalFinanceTermsCode&gt;&lt;/GlobalFinanceTermsCode&gt;
    &lt;PartnerDescription&gt;&lt;/PartnerDescription&gt;
    &lt;secondaryBuyer&gt;
      &lt;PartnerRoleDescription&gt;
        &lt;GlobalPartnerRoleClassificationCode&gt;&lt;/GlobalPartnerRoleClassificationCode&gt;
      &lt;/PartnerRoleDescription&gt;
    &lt;/secondaryBuyer&gt;
    &lt;GlobalPurchaseOrderTypeCode&gt;&lt;/GlobalPurchaseOrderTypeCode&gt;
  &lt;/PurchaseOrder&gt;
  &lt;fromRole&gt;
    &lt;PartnerRoleDescription&gt;
      &lt;GlobalPartnerRoleClassificationCode&gt;&lt;/GlobalPartnerRoleClassificationCode&gt;
      &lt;DUNS&gt;88-888-8888&lt;/DUNS&gt;
    &lt;/PartnerRoleDescription&gt;
  &lt;/fromRole&gt;
  &lt;toRole&gt;
    &lt;PartnerRoleDescription&gt;
      &lt;GlobalPartnerRoleClassificationCode&gt;&lt;/GlobalPartnerRoleClassificationCode&gt;
      &lt;DUNS&gt;11-111-1111&lt;/DUNS&gt;
    &lt;/PartnerRoleDescription&gt;
  &lt;/toRole&gt;
  &lt;thisDocumentGenerationDateTime&gt;
    &lt;DateTimeStamp&gt;09 November 2005 15:30&lt;/DateTimeStamp&gt;
  &lt;/thisDocumentGenerationDateTime&gt;
  &lt;thisDocumentIdentifier&gt;
    &lt;ProprietaryDocumentIdentifier&gt;a&lt;/ProprietaryDocumentIdentifier&gt;
  &lt;/thisDocumentIdentifier&gt;
  &lt;GlobalDocumentFunctionCode&gt;&lt;/GlobalDocumentFunctionCode&gt;
&lt;/PurchaseOrderRequest&gt;</value>
</Values>
